TN:
SF:script/AutomationRegistration.sol
DA:30,0
FN:30,AutomationRegistration.constructor
FNDA:0,AutomationRegistration.constructor
DA:31,0
DA:32,0
DA:44,0
FN:44,AutomationRegistration.registerAndFundUpkeep
FNDA:0,AutomationRegistration.registerAndFundUpkeep
DA:51,0
BRDA:51,0,0,-
DA:52,0
DA:54,0
BRDA:54,1,0,-
DA:55,0
DA:59,0
DA:60,0
BRDA:60,2,0,-
DA:61,0
DA:65,0
DA:66,0
BRDA:66,3,0,-
DA:67,0
DA:71,0
DA:85,0
DA:87,0
BRDA:87,4,0,-
BRDA:87,4,1,-
DA:88,0
DA:90,0
FNF:2
FNH:0
LF:19
LH:0
BRF:6
BRH:0
end_of_record
TN:
SF:script/DeployIdentity.s.sol
DA:27,0
FN:27,DeployIdentity.run
FNDA:0,DeployIdentity.run
DA:28,0
DA:29,0
DA:30,0
DA:31,0
DA:34,0
FN:34,DeployIdentity.deployIdentity
FNDA:0,DeployIdentity.deployIdentity
DA:36,0
DA:37,0
DA:38,0
DA:42,0
DA:45,0
DA:46,0
DA:47,0
DA:48,0
DA:54,0
DA:55,0
DA:58,0
DA:59,0
DA:66,0
DA:68,0
FNF:2
FNH:0
LF:20
LH:0
BRF:0
BRH:0
end_of_record
TN:
SF:script/DeployOracles.s.sol
DA:23,0
FN:23,DeployOracles.run
FNDA:0,DeployOracles.run
DA:26,0
DA:28,0
DA:30,0
DA:39,0
DA:41,0
DA:55,0
FN:55,DeployOracles.deployOracles
FNDA:0,DeployOracles.deployOracles
DA:58,0
DA:60,0
DA:61,0
DA:63,0
DA:64,0
DA:65,0
DA:66,0
DA:68,0
DA:69,0
DA:72,0
DA:73,0
DA:74,0
DA:75,0
DA:77,0
DA:78,0
DA:83,0
DA:84,0
DA:85,0
DA:86,0
DA:88,0
DA:89,0
DA:92,0
DA:93,0
DA:94,0
DA:95,0
DA:97,0
DA:98,0
DA:101,0
DA:102,0
DA:103,0
DA:104,0
DA:106,0
DA:107,0
DA:109,0
DA:112,0
BRDA:112,0,0,-
DA:113,0
DA:114,0
DA:118,0
BRDA:118,1,0,-
DA:119,0
DA:120,0
DA:122,0
BRDA:122,2,0,-
DA:123,0
DA:124,0
DA:127,0
DA:128,0
DA:129,0
DA:130,0
DA:133,0
DA:134,0
DA:136,0
DA:137,0
DA:138,0
DA:139,0
DA:141,0
BRDA:141,3,0,-
BRDA:141,3,1,-
DA:142,0
DA:144,0
DA:145,0
DA:148,0
DA:149,0
DA:151,0
DA:173,0
FN:173,DeployOracles.registerAutomation
FNDA:0,DeployOracles.registerAutomation
DA:178,0
DA:179,0
DA:180,0
DA:181,0
DA:182,0
DA:183,0
DA:188,0
DA:191,0
DA:192,0
DA:196,0
DA:199,0
DA:200,0
DA:202,0
DA:203,0
DA:204,0
BRDA:204,4,0,-
DA:205,0
DA:209,0
DA:210,0
DA:211,0
DA:212,0
DA:213,0
DA:216,0
DA:217,0
DA:225,0
FNF:3
FNH:0
LF:92
LH:0
BRF:6
BRH:0
end_of_record
TN:
SF:script/DeployProtocol.s.sol
DA:44,0
FN:44,DeployProtocol.run
FNDA:0,DeployProtocol.run
DA:49,0
DA:50,0
DA:52,0
DA:53,0
DA:54,0
DA:55,0
DA:56,0
DA:64,0
DA:69,0
DA:78,0
DA:79,0
DA:84,0
DA:88,0
DA:92,0
FNF:1
FNH:0
LF:15
LH:0
BRF:0
BRH:0
end_of_record
TN:
SF:script/DeployTreasuryBondTokenAndTreasury.s.sol
DA:12,0
FN:12,DeployTreasuryBondTokenAndTreasury.run
FNDA:0,DeployTreasuryBondTokenAndTreasury.run
DA:19,0
DA:20,0
DA:22,0
DA:24,0
DA:27,0
DA:30,0
DA:33,0
DA:35,0
DA:38,0
FN:38,DeployTreasuryBondTokenAndTreasury.deployTreasury
FNDA:0,DeployTreasuryBondTokenAndTreasury.deployTreasury
DA:40,0
DA:42,0
DA:44,0
DA:45,0
DA:46,0
DA:48,0
DA:57,0
FN:57,DeployTreasuryBondTokenAndTreasury.setTokenContractOnTreasury
FNDA:0,DeployTreasuryBondTokenAndTreasury.setTokenContractOnTreasury
DA:58,0
DA:59,0
DA:60,0
DA:61,0
DA:62,0
DA:63,0
DA:64,0
DA:67,0
FN:67,DeployTreasuryBondTokenAndTreasury.deployToken
FNDA:0,DeployTreasuryBondTokenAndTreasury.deployToken
DA:74,0
DA:76,0
DA:78,0
DA:92,0
DA:94,0
DA:96,0
DA:97,0
DA:98,0
DA:100,0
FNF:4
FNH:0
LF:34
LH:0
BRF:0
BRH:0
end_of_record
TN:
SF:script/DeployUpdateRiskManagerAutomation.s.sol
DA:17,0
FN:17,DeployUpdateRiskManagerAutomation.run
FNDA:0,DeployUpdateRiskManagerAutomation.run
DA:22,0
DA:23,0
DA:25,0
DA:28,0
DA:31,0
FN:31,DeployUpdateRiskManagerAutomation.deployUpdateRiskManagerAutomation
FNDA:0,DeployUpdateRiskManagerAutomation.deployUpdateRiskManagerAutomation
DA:35,0
DA:37,0
DA:40,0
DA:41,0
DA:42,0
DA:44,0
DA:47,0
BRDA:47,0,0,-
DA:48,0
DA:53,0
BRDA:53,1,0,-
DA:54,0
DA:55,0
DA:57,0
DA:58,0
DA:61,0
DA:63,0
DA:64,0
DA:66,0
BRDA:66,2,0,-
BRDA:66,2,1,-
DA:67,0
DA:69,0
DA:72,0
DA:73,0
DA:75,0
FNF:2
FNH:0
LF:28
LH:0
BRF:4
BRH:0
end_of_record
TN:
SF:script/HelperConfig.sol
DA:50,0
FN:50,HelperConfig.constructor
FNDA:0,HelperConfig.constructor
DA:51,0
BRDA:51,0,0,-
BRDA:51,0,1,-
DA:52,0
DA:53,0
BRDA:53,1,0,-
BRDA:53,1,1,-
DA:54,0
DA:55,0
BRDA:55,2,0,-
BRDA:55,2,1,-
DA:56,0
DA:58,0
DA:70,0
FN:70,HelperConfig.getConfigByChainId
FNDA:0,HelperConfig.getConfigByChainId
DA:71,0
BRDA:71,3,0,-
BRDA:71,3,1,-
DA:72,0
DA:73,0
BRDA:73,4,0,-
BRDA:73,4,1,-
DA:74,0
DA:75,0
BRDA:75,5,0,-
BRDA:75,5,1,-
DA:76,0
DA:78,0
DA:82,0
FN:82,HelperConfig.getEthSepoliaConfig
FNDA:0,HelperConfig.getEthSepoliaConfig
DA:83,0
DA:101,0
FN:101,HelperConfig.getPolygonAmoyConfig
FNDA:0,HelperConfig.getPolygonAmoyConfig
DA:102,0
DA:119,0
FN:119,HelperConfig.getAnvilConfig
FNDA:0,HelperConfig.getAnvilConfig
DA:120,0
BRDA:120,6,0,-
DA:121,0
DA:124,0
BRDA:124,7,0,-
DA:125,0
DA:129,0
DA:131,0
BRDA:131,8,0,-
DA:132,0
DA:135,0
BRDA:135,9,0,-
DA:136,0
DA:139,0
DA:140,0
DA:142,0
DA:159,0
FN:159,HelperConfig.getMocks
FNDA:0,HelperConfig.getMocks
DA:160,0
DA:163,0
FN:163,HelperConfig.getActiveNetworkConfig
FNDA:0,HelperConfig.getActiveNetworkConfig
DA:164,0
DA:167,0
FN:167,HelperConfig.getForwarderFromUpkeepId
FNDA:0,HelperConfig.getForwarderFromUpkeepId
DA:168,0
BRDA:168,10,0,-
BRDA:168,10,1,-
DA:169,0
DA:170,0
DA:172,0
DA:181,0
FN:181,HelperConfig.getAutomationRegistrar
FNDA:0,HelperConfig.getAutomationRegistrar
DA:182,0
BRDA:182,11,0,-
BRDA:182,11,1,-
DA:183,0
DA:185,0
DA:194,0
FN:194,HelperConfig.getAutomationRegistry
FNDA:0,HelperConfig.getAutomationRegistry
DA:195,0
BRDA:195,12,0,-
BRDA:195,12,1,-
DA:196,0
DA:198,0
FNF:10
FNH:0
LF:50
LH:0
BRF:22
BRH:0
end_of_record
TN:
SF:script/RegisterInvetsor.s.sol
DA:23,0
FN:23,RegisterInvestor.run.0
FNDA:0,RegisterInvestor.run.0
DA:30,0
DA:40,0
FN:40,RegisterInvestor.run.1
FNDA:0,RegisterInvestor.run.1
DA:46,0
DA:55,0
FN:55,RegisterInvestor._run
FNDA:0,RegisterInvestor._run
DA:62,0
BRDA:62,0,0,-
BRDA:62,0,1,-
DA:63,0
BRDA:63,1,0,-
BRDA:63,1,1,-
DA:64,0
BRDA:64,2,0,-
BRDA:64,2,1,-
DA:65,0
BRDA:65,3,0,-
BRDA:65,3,1,-
DA:67,0
DA:69,0
DA:72,0
BRDA:72,4,0,-
DA:73,0
DA:77,0
DA:80,0
DA:85,0
DA:86,0
BRDA:86,5,0,-
DA:87,0
DA:94,0
DA:105,0
BRDA:105,6,0,-
BRDA:105,6,1,-
DA:106,0
DA:113,0
DA:115,0
BRDA:115,7,0,-
DA:116,0
DA:122,0
DA:124,0
BRDA:124,8,0,-
DA:125,0
DA:130,0
BRDA:130,9,0,-
BRDA:130,9,1,-
DA:135,0
DA:138,0
FN:138,RegisterInvestor._hasClaim
FNDA:0,RegisterInvestor._hasClaim
DA:144,0
DA:146,0
DA:149,0
FN:149,RegisterInvestor._signClaim
FNDA:0,RegisterInvestor._signClaim
DA:155,0
DA:156,0
DA:159,0
DA:160,0
FNF:5
FNH:0
LF:37
LH:0
BRF:16
BRH:0
end_of_record
TN:
SF:src/automation/BaseAutomation.sol
DA:24,0
FN:24,BaseAutomation.constructor
FNDA:0,BaseAutomation.constructor
DA:25,0
DA:26,0
DA:30,0
FN:30,BaseAutomation.setChainlinkForwarder
FNDA:0,BaseAutomation.setChainlinkForwarder
DA:33,0
BRDA:33,0,0,-
DA:35,0
BRDA:35,1,0,-
DA:36,0
DA:38,0
DA:42,0
FN:42,BaseAutomation.setUpkeepId
FNDA:0,BaseAutomation.setUpkeepId
DA:45,0
BRDA:45,2,0,-
DA:47,0
BRDA:47,3,0,-
DA:48,0
DA:50,0
DA:57,0
FN:57,BaseAutomation.checkUpkeep
FNDA:0,BaseAutomation.checkUpkeep
DA:60,0
DA:61,0
DA:70,0
FN:70,BaseAutomation.performUpkeep
FNDA:0,BaseAutomation.performUpkeep
DA:71,0
DA:72,0
BRDA:72,4,0,-
DA:73,0
DA:76,0
DA:79,0
BRDA:79,5,0,-
BRDA:79,5,1,-
DA:81,0
BRDA:81,6,0,-
DA:82,0
DA:86,0
BRDA:86,7,0,-
DA:87,0
DA:91,0
DA:92,0
DA:104,0
FN:104,BaseAutomation.getChainlinkForwarder
FNDA:0,BaseAutomation.getChainlinkForwarder
DA:105,0
DA:109,0
FN:109,BaseAutomation.getGracePeriod
FNDA:0,BaseAutomation.getGracePeriod
DA:110,0
DA:114,0
FN:114,BaseAutomation.getUpkeepId
FNDA:0,BaseAutomation.getUpkeepId
DA:115,0
DA:119,0
FN:119,BaseAutomation.getInterval
FNDA:0,BaseAutomation.getInterval
DA:120,0
DA:124,0
FN:124,BaseAutomation.getLastUpkeep
FNDA:0,BaseAutomation.getLastUpkeep
DA:125,0
DA:129,0
FN:129,BaseAutomation.getAllUpkeepInfo
FNDA:0,BaseAutomation.getAllUpkeepInfo
DA:130,0
FNF:11
FNH:0
LF:40
LH:0
BRF:9
BRH:0
end_of_record
TN:
SF:src/automation/BondAutomation.sol
DA:21,0
FN:21,BondAutomation.constructor
FNDA:0,BondAutomation.constructor
DA:25,0
DA:26,0
BRDA:26,0,0,-
DA:27,0
DA:34,0
FN:34,BondAutomation._triggerRequest
FNDA:0,BondAutomation._triggerRequest
DA:35,0
DA:38,0
FN:38,BondAutomation.supportsInterface
FNDA:0,BondAutomation.supportsInterface
DA:39,0
DA:44,0
FN:44,BondAutomation.getFunctionsConsumer
FNDA:0,BondAutomation.getFunctionsConsumer
DA:45,0
FNF:4
FNH:0
LF:10
LH:0
BRF:1
BRH:0
end_of_record
TN:
SF:src/automation/ReservesAutomation.sol
DA:24,0
FN:24,ReservesAutomation.constructor
FNDA:0,ReservesAutomation.constructor
DA:28,0
DA:29,0
BRDA:29,0,0,-
DA:30,0
DA:37,0
FN:37,ReservesAutomation._triggerRequest
FNDA:0,ReservesAutomation._triggerRequest
DA:38,0
DA:41,0
FN:41,ReservesAutomation.supportsInterface
FNDA:0,ReservesAutomation.supportsInterface
DA:42,0
DA:48,0
FN:48,ReservesAutomation.getFunctionsConsumer
FNDA:0,ReservesAutomation.getFunctionsConsumer
DA:49,0
FNF:4
FNH:0
LF:10
LH:0
BRF:1
BRH:0
end_of_record
TN:
SF:src/automation/UpdateRiskManagerAutomation.sol
DA:27,0
FN:27,UpdateRiskManagerAutomation.constructor
FNDA:0,UpdateRiskManagerAutomation.constructor
DA:32,0
DA:33,0
BRDA:33,0,0,-
DA:34,0
DA:35,0
DA:36,0
DA:37,0
DA:38,0
DA:45,0
FN:45,UpdateRiskManagerAutomation.setChainlinkForwarder
FNDA:0,UpdateRiskManagerAutomation.setChainlinkForwarder
DA:48,0
BRDA:48,1,0,-
DA:50,0
BRDA:50,2,0,-
DA:51,0
DA:53,0
DA:54,0
DA:61,0
FN:61,UpdateRiskManagerAutomation.setUpkeepId
FNDA:0,UpdateRiskManagerAutomation.setUpkeepId
DA:64,0
BRDA:64,3,0,-
DA:66,0
BRDA:66,4,0,-
DA:67,0
DA:69,0
DA:73,0
FN:73,UpdateRiskManagerAutomation.checkUpkeep
FNDA:0,UpdateRiskManagerAutomation.checkUpkeep
DA:76,0
DA:77,0
DA:79,0
DA:80,0
DA:81,0
DA:82,0
DA:83,0
DA:91,0
FN:91,UpdateRiskManagerAutomation.performUpkeep
FNDA:0,UpdateRiskManagerAutomation.performUpkeep
DA:92,0
DA:94,0
DA:95,0
DA:97,0
DA:98,0
DA:100,0
BRDA:100,5,0,-
DA:101,0
DA:104,0
BRDA:104,6,0,-
DA:105,0
DA:106,0
DA:108,0
BRDA:108,7,0,-
DA:109,0
DA:110,0
DA:113,0
BRDA:113,8,0,-
DA:114,0
DA:119,0
FN:119,UpdateRiskManagerAutomation.getChainlinkForwarder
FNDA:0,UpdateRiskManagerAutomation.getChainlinkForwarder
DA:120,0
DA:123,0
FN:123,UpdateRiskManagerAutomation.getUpkeepId
FNDA:0,UpdateRiskManagerAutomation.getUpkeepId
DA:124,0
DA:127,0
FN:127,UpdateRiskManagerAutomation.getTokenContract
FNDA:0,UpdateRiskManagerAutomation.getTokenContract
DA:128,0
DA:131,0
FN:131,UpdateRiskManagerAutomation.getReservesOracle
FNDA:0,UpdateRiskManagerAutomation.getReservesOracle
DA:132,0
DA:135,0
FN:135,UpdateRiskManagerAutomation.getBondOracle
FNDA:0,UpdateRiskManagerAutomation.getBondOracle
DA:136,0
FNF:10
FNH:0
LF:53
LH:0
BRF:9
BRH:0
end_of_record
TN:
SF:src/library/YieldsMath.sol
DA:7,0
FN:7,YieldsMath.calculatePrincipalUsd
FNDA:0,YieldsMath.calculatePrincipalUsd
DA:8,0
DA:13,0
FN:13,YieldsMath.calculateCurrentNAV
FNDA:0,YieldsMath.calculateCurrentNAV
DA:19,0
DA:20,0
BRDA:20,0,0,-
DA:21,0
DA:22,0
DA:24,0
BRDA:24,1,0,-
DA:25,0
DA:28,0
DA:29,0
DA:30,0
FNF:2
FNH:0
LF:12
LH:0
BRF:2
BRH:0
end_of_record
TN:
SF:src/oracles/BondFunctionsConsumer.sol
DA:49,0
FN:49,BondFunctionsConsumer.constructor
FNDA:0,BondFunctionsConsumer.constructor
DA:56,0
BRDA:56,0,0,-
DA:57,0
DA:59,0
DA:60,0
DA:61,0
DA:63,0
DA:66,0
FN:66,BondFunctionsConsumer.setAutomationContract
FNDA:0,BondFunctionsConsumer.setAutomationContract
DA:67,0
BRDA:67,1,0,-
DA:68,0
DA:70,0
DA:74,0
FN:74,BondFunctionsConsumer.setSubscriptionId
FNDA:0,BondFunctionsConsumer.setSubscriptionId
DA:75,0
BRDA:75,2,0,-
DA:76,0
BRDA:76,3,0,-
DA:77,0
DA:78,0
DA:82,0
FN:82,BondFunctionsConsumer.sendRequest
FNDA:0,BondFunctionsConsumer.sendRequest
DA:83,0
DA:84,0
DA:86,0
DA:93,0
DA:103,0
FN:103,BondFunctionsConsumer._fulfillRequest
FNDA:0,BondFunctionsConsumer._fulfillRequest
DA:108,0
BRDA:108,4,0,-
DA:110,0
DA:111,0
DA:113,0
DA:115,0
BRDA:115,5,0,-
DA:116,0
DA:117,0
DA:119,0
BRDA:119,6,0,-
DA:121,0
DA:123,0
BRDA:123,7,0,-
DA:124,0
BRDA:124,7,1,-
DA:125,0
DA:129,0
DA:133,0
FN:133,BondFunctionsConsumer.getLastRequestId
FNDA:0,BondFunctionsConsumer.getLastRequestId
DA:134,0
DA:138,0
FN:138,BondFunctionsConsumer.getLastResponse
FNDA:0,BondFunctionsConsumer.getLastResponse
DA:139,0
DA:143,0
FN:143,BondFunctionsConsumer.getLastError
FNDA:0,BondFunctionsConsumer.getLastError
DA:144,0
DA:148,0
FN:148,BondFunctionsConsumer.getSubscriptionId
FNDA:0,BondFunctionsConsumer.getSubscriptionId
DA:149,0
DA:153,0
FN:153,BondFunctionsConsumer.getGasLimit
FNDA:0,BondFunctionsConsumer.getGasLimit
DA:154,0
DA:158,0
FN:158,BondFunctionsConsumer.getDonID
FNDA:0,BondFunctionsConsumer.getDonID
DA:159,0
DA:163,0
FN:163,BondFunctionsConsumer.getBondOracle
FNDA:0,BondFunctionsConsumer.getBondOracle
DA:164,0
DA:167,0
FN:167,BondFunctionsConsumer.getRouter
FNDA:0,BondFunctionsConsumer.getRouter
DA:168,0
FNF:13
FNH:0
LF:51
LH:0
BRF:9
BRH:0
end_of_record
TN:
SF:src/oracles/BondOracle.sol
DA:18,0
FN:18,BondOracle.constructor
FNDA:0,BondOracle.constructor
DA:19,0
BRDA:19,0,0,-
DA:20,0
DA:23,0
FN:23,BondOracle.setFunctionsConsumer
FNDA:0,BondOracle.setFunctionsConsumer
DA:24,0
BRDA:24,1,0,-
DA:25,0
BRDA:25,2,0,-
DA:26,0
DA:27,0
DA:28,0
DA:29,0
DA:33,0
FN:33,BondOracle.updateYields
FNDA:0,BondOracle.updateYields
DA:38,0
BRDA:38,3,0,-
DA:39,0
DA:40,0
DA:44,0
DA:45,0
BRDA:45,4,0,-
DA:47,0
DA:55,0
DA:65,0
FN:65,BondOracle.getYield
FNDA:0,BondOracle.getYield
DA:66,0
DA:67,0
BRDA:67,5,0,-
DA:69,0
BRDA:69,6,0,-
DA:70,0
BRDA:70,7,0,-
DA:71,0
BRDA:71,8,0,-
DA:72,0
BRDA:72,9,0,-
DA:74,0
DA:82,0
FN:82,BondOracle._isStale
FNDA:0,BondOracle._isStale
DA:83,0
BRDA:83,10,0,-
DA:84,0
DA:89,0
FN:89,BondOracle.getAllYields
FNDA:0,BondOracle.getAllYields
DA:90,0
DA:91,0
BRDA:91,11,0,-
DA:92,0
DA:96,0
FN:96,BondOracle.isStale
FNDA:0,BondOracle.isStale
DA:97,0
DA:101,0
FN:101,BondOracle.getLastUpdatedTimestamp
FNDA:0,BondOracle.getLastUpdatedTimestamp
DA:102,0
DA:106,0
FN:106,BondOracle.getFunctionsConsumer
FNDA:0,BondOracle.getFunctionsConsumer
DA:107,0
DA:111,0
FN:111,BondOracle.supportsInterface
FNDA:0,BondOracle.supportsInterface
DA:114,0
DA:115,0
DA:116,0
FNF:10
FNH:0
LF:43
LH:0
BRF:12
BRH:0
end_of_record
TN:
SF:src/oracles/ReservesFunctionsConsumer.sol
DA:26,0
FN:26,ReservesFunctionsConsumer.constructor
FNDA:0,ReservesFunctionsConsumer.constructor
DA:33,0
BRDA:33,0,0,-
DA:34,0
DA:35,0
DA:36,0
DA:38,0
DA:42,0
FN:42,ReservesFunctionsConsumer.setAutomationContract
FNDA:0,ReservesFunctionsConsumer.setAutomationContract
DA:43,0
BRDA:43,1,0,-
DA:44,0
DA:72,0
FN:72,ReservesFunctionsConsumer.setSubscriptionId
FNDA:0,ReservesFunctionsConsumer.setSubscriptionId
DA:73,0
BRDA:73,2,0,-
DA:74,0
BRDA:74,3,0,-
DA:75,0
DA:76,0
DA:80,0
FN:80,ReservesFunctionsConsumer.sendRequest
FNDA:0,ReservesFunctionsConsumer.sendRequest
DA:81,0
DA:82,0
DA:84,0
DA:91,0
DA:94,0
FN:94,ReservesFunctionsConsumer._fulfillRequest
FNDA:0,ReservesFunctionsConsumer._fulfillRequest
DA:100,0
BRDA:100,4,0,-
DA:102,0
DA:103,0
DA:105,0
DA:108,0
BRDA:108,5,0,-
DA:109,0
DA:114,0
DA:118,0
BRDA:118,6,0,-
DA:120,0
DA:124,0
BRDA:124,7,0,-
DA:131,0
BRDA:131,7,1,-
DA:132,0
DA:136,0
DA:140,0
FN:140,ReservesFunctionsConsumer.getLastRequestId
FNDA:0,ReservesFunctionsConsumer.getLastRequestId
DA:141,0
DA:145,0
FN:145,ReservesFunctionsConsumer.getLastResponse
FNDA:0,ReservesFunctionsConsumer.getLastResponse
DA:146,0
DA:149,0
FN:149,ReservesFunctionsConsumer.getLastError
FNDA:0,ReservesFunctionsConsumer.getLastError
DA:150,0
DA:154,0
FN:154,ReservesFunctionsConsumer.getSubscriptionId
FNDA:0,ReservesFunctionsConsumer.getSubscriptionId
DA:155,0
DA:159,0
FN:159,ReservesFunctionsConsumer.getGasLimit
FNDA:0,ReservesFunctionsConsumer.getGasLimit
DA:160,0
DA:164,0
FN:164,ReservesFunctionsConsumer.getDonID
FNDA:0,ReservesFunctionsConsumer.getDonID
DA:165,0
DA:169,0
FN:169,ReservesFunctionsConsumer.getOracle
FNDA:0,ReservesFunctionsConsumer.getOracle
DA:170,0
DA:174,0
FN:174,ReservesFunctionsConsumer.getRouter
FNDA:0,ReservesFunctionsConsumer.getRouter
DA:175,0
FNF:13
FNH:0
LF:49
LH:0
BRF:9
BRH:0
end_of_record
TN:
SF:src/oracles/ReservesOracle.sol
DA:23,0
FN:23,ReservesOracle.constructor
FNDA:0,ReservesOracle.constructor
DA:24,0
DA:25,0
BRDA:25,0,0,-
DA:26,0
DA:27,0
DA:30,0
FN:30,ReservesOracle.setFunctionsConsumer
FNDA:0,ReservesOracle.setFunctionsConsumer
DA:31,0
BRDA:31,1,0,-
DA:32,0
BRDA:32,2,0,-
DA:33,0
DA:34,0
DA:35,0
DA:36,0
DA:40,0
FN:40,ReservesOracle.updateUsdValues
FNDA:0,ReservesOracle.updateUsdValues
DA:47,0
BRDA:47,3,0,-
DA:48,0
DA:49,0
DA:52,0
DA:56,0
DA:57,0
DA:58,0
BRDA:58,4,0,-
DA:60,0
DA:61,0
DA:63,0
DA:64,0
DA:66,0
DA:83,0
DA:97,0
FN:97,ReservesOracle._isStale
FNDA:0,ReservesOracle._isStale
DA:98,0
BRDA:98,5,0,-
DA:99,0
DA:103,0
FN:103,ReservesOracle.getAllReserves
FNDA:0,ReservesOracle.getAllReserves
DA:104,0
BRDA:104,6,0,-
DA:105,0
DA:109,0
FN:109,ReservesOracle.getTotalUsdValue
FNDA:0,ReservesOracle.getTotalUsdValue
DA:110,0
BRDA:110,7,0,-
DA:111,0
DA:115,0
FN:115,ReservesOracle.isStale
FNDA:0,ReservesOracle.isStale
DA:116,0
DA:121,0
FN:121,ReservesOracle.getLastUpdatedTimestamp
FNDA:0,ReservesOracle.getLastUpdatedTimestamp
DA:122,0
DA:126,0
FN:126,ReservesOracle.getSigner
FNDA:0,ReservesOracle.getSigner
DA:127,0
DA:131,0
FN:131,ReservesOracle.getFunctionsConsumer
FNDA:0,ReservesOracle.getFunctionsConsumer
DA:132,0
DA:135,0
FN:135,ReservesOracle.supportsInterface
FNDA:0,ReservesOracle.supportsInterface
DA:138,0
DA:139,0
DA:140,0
FNF:11
FNH:0
LF:47
LH:0
BRF:8
BRH:0
end_of_record
TN:
SF:src/tokens/ERC3525.sol
DA:47,0
FN:47,ERC3525.onlyMinted
FNDA:0,ERC3525.onlyMinted
DA:48,0
DA:52,0
FN:52,ERC3525.onlyApprovedOrOwner
FNDA:0,ERC3525.onlyApprovedOrOwner
DA:53,0
BRDA:53,0,0,-
DA:54,0
DA:59,0
FN:59,ERC3525.constructor
FNDA:0,ERC3525.constructor
DA:60,0
DA:61,0
DA:62,0
DA:63,0
DA:66,0
FN:66,ERC3525.supportsInterface
FNDA:0,ERC3525.supportsInterface
DA:69,0
DA:70,0
DA:71,0
DA:72,0
DA:73,0
DA:79,0
FN:79,ERC3525.name
FNDA:0,ERC3525.name
DA:83,0
FN:83,ERC3525.symbol
FNDA:0,ERC3525.symbol
DA:89,0
FN:89,ERC3525.valueDecimals
FNDA:0,ERC3525.valueDecimals
DA:90,0
DA:93,0
FN:93,ERC3525.balanceOf.0
FNDA:0,ERC3525.balanceOf.0
DA:96,0
DA:99,0
FN:99,ERC3525.ownerOf
FNDA:0,ERC3525.ownerOf
DA:109,0
DA:110,0
BRDA:110,1,0,-
DA:111,0
DA:115,0
FN:115,ERC3525.slotOf
FNDA:0,ERC3525.slotOf
DA:118,0
DA:121,0
FN:121,ERC3525._slotOf
FNDA:0,ERC3525._slotOf
DA:122,0
DA:125,0
FN:125,ERC3525.approve.0
FNDA:0,ERC3525.approve.0
DA:130,0
DA:131,0
BRDA:131,2,0,-
DA:132,0
DA:135,0
DA:138,0
FN:138,ERC3525.allowance
FNDA:0,ERC3525.allowance
DA:142,0
DA:145,0
FN:145,ERC3525.transferFrom.0
FNDA:0,ERC3525.transferFrom.0
DA:150,0
DA:152,0
DA:153,0
DA:154,0
DA:157,0
FN:157,ERC3525.transferFrom.1
FNDA:0,ERC3525.transferFrom.1
DA:162,0
DA:163,0
DA:166,0
FN:166,ERC3525.balanceOf.1
FNDA:0,ERC3525.balanceOf.1
DA:169,0
BRDA:169,3,0,-
DA:170,0
DA:172,0
DA:175,0
FN:175,ERC3525.transferFrom.2
FNDA:0,ERC3525.transferFrom.2
DA:180,0
DA:183,0
FN:183,ERC3525.safeTransferFrom.0
FNDA:0,ERC3525.safeTransferFrom.0
DA:189,0
DA:192,0
FN:192,ERC3525.safeTransferFrom.1
FNDA:0,ERC3525.safeTransferFrom.1
DA:197,0
DA:200,0
FN:200,ERC3525.approve.1
FNDA:0,ERC3525.approve.1
DA:204,0
DA:205,0
BRDA:205,4,0,-
DA:206,0
DA:210,0
DA:212,0
BRDA:212,5,0,-
DA:213,0
DA:216,0
DA:219,0
FN:219,ERC3525.getApproved
FNDA:0,ERC3525.getApproved
DA:222,0
DA:225,0
FN:225,ERC3525.setApprovalForAll
FNDA:0,ERC3525.setApprovalForAll
DA:229,0
DA:232,0
FN:232,ERC3525.isApprovedForAll
FNDA:0,ERC3525.isApprovedForAll
DA:236,0
DA:239,0
FN:239,ERC3525.totalSupply
FNDA:0,ERC3525.totalSupply
DA:240,0
DA:243,0
FN:243,ERC3525.tokenByIndex
FNDA:0,ERC3525.tokenByIndex
DA:246,0
BRDA:246,6,0,-
DA:247,0
DA:249,0
DA:252,0
FN:252,ERC3525.tokenOfOwnerByIndex
FNDA:0,ERC3525.tokenOfOwnerByIndex
DA:256,0
BRDA:256,7,0,-
DA:257,0
DA:259,0
DA:262,0
FN:262,ERC3525._setApprovalForAll
FNDA:0,ERC3525._setApprovalForAll
DA:267,0
BRDA:267,8,0,-
DA:268,0
DA:271,0
DA:273,0
DA:276,0
FN:276,ERC3525._isApprovedOrOwner
FNDA:0,ERC3525._isApprovedOrOwner
DA:280,0
DA:281,0
DA:286,0
FN:286,ERC3525._spendAllowance
FNDA:0,ERC3525._spendAllowance
DA:291,0
DA:293,0
DA:294,0
DA:295,0
BRDA:295,9,0,-
DA:296,0
BRDA:296,10,0,-
DA:297,0
DA:299,0
DA:303,0
FN:303,ERC3525._exists
FNDA:0,ERC3525._exists
DA:304,0
DA:305,0
DA:306,0
DA:309,0
FN:309,ERC3525._requireMinted
FNDA:0,ERC3525._requireMinted
DA:310,0
BRDA:310,11,0,-
DA:311,0
DA:315,0
FN:315,ERC3525._mint.0
FNDA:0,ERC3525._mint.0
DA:320,0
DA:321,0
DA:324,0
FN:324,ERC3525._mint.1
FNDA:0,ERC3525._mint.1
DA:330,0
BRDA:330,12,0,-
DA:331,0
DA:333,0
BRDA:333,13,0,-
DA:334,0
DA:336,0
BRDA:336,14,0,-
DA:337,0
DA:340,0
DA:341,0
DA:342,0
DA:343,0
DA:346,0
FN:346,ERC3525._mintValue
FNDA:0,ERC3525._mintValue
DA:350,0
DA:351,0
DA:352,0
DA:353,0
DA:354,0
DA:357,0
FN:357,ERC3525.__mintValue
FNDA:0,ERC3525.__mintValue
DA:358,0
DA:359,0
DA:362,0
FN:362,ERC3525.__mintToken
FNDA:0,ERC3525.__mintToken
DA:363,0
DA:372,0
DA:373,0
DA:375,0
DA:376,0
DA:379,0
FN:379,ERC3525._burn
FNDA:0,ERC3525._burn
DA:380,0
DA:381,0
DA:382,0
DA:383,0
DA:385,0
DA:387,0
DA:388,0
DA:389,0
DA:391,0
DA:392,0
DA:393,0
DA:395,0
DA:398,0
FN:398,ERC3525._burnValue
FNDA:0,ERC3525._burnValue
DA:402,0
DA:403,0
DA:404,0
DA:405,0
DA:407,0
BRDA:407,15,0,-
DA:408,0
DA:411,0
DA:413,0
DA:414,0
DA:416,0
DA:419,0
FN:419,ERC3525._addTokenToOwnerEnumeration
FNDA:0,ERC3525._addTokenToOwnerEnumeration
DA:423,0
DA:425,0
DA:428,0
DA:431,0
FN:431,ERC3525._removeTokenFromOwnerEnumeration
FNDA:0,ERC3525._removeTokenFromOwnerEnumeration
DA:435,0
DA:437,0
DA:438,0
DA:439,0
DA:440,0
DA:442,0
DA:443,0
DA:446,0
DA:449,0
FN:449,ERC3525._addTokenToAllTokensEnumeration
FNDA:0,ERC3525._addTokenToAllTokensEnumeration
DA:452,0
DA:453,0
DA:456,0
FN:456,ERC3525._removeTokenFromAllTokensEnumeration
FNDA:0,ERC3525._removeTokenFromAllTokensEnumeration
DA:460,0
DA:461,0
DA:466,0
DA:468,0
DA:469,0
DA:473,0
DA:476,0
FN:476,ERC3525._approve
FNDA:0,ERC3525._approve
DA:477,0
DA:478,0
DA:481,0
FN:481,ERC3525._approveValue
FNDA:0,ERC3525._approveValue
DA:486,0
BRDA:486,16,0,-
DA:487,0
DA:489,0
BRDA:489,17,0,-
DA:490,0
DA:492,0
DA:494,0
DA:497,0
FN:497,ERC3525._clearApprovedValues
FNDA:0,ERC3525._clearApprovedValues
DA:498,0
DA:499,0
DA:500,0
DA:501,0
DA:507,0
FN:507,ERC3525._existApproveValue
FNDA:0,ERC3525._existApproveValue
DA:511,0
DA:514,0
DA:516,0
DA:517,0
BRDA:517,18,0,-
DA:518,0
DA:521,0
DA:524,0
FN:524,ERC3525._transferValue
FNDA:0,ERC3525._transferValue
DA:529,0
BRDA:529,19,0,-
DA:530,0
DA:532,0
BRDA:532,20,0,-
DA:533,0
DA:536,0
DA:539,0
DA:541,0
BRDA:541,21,0,-
DA:542,0
DA:544,0
BRDA:544,22,0,-
DA:545,0
DA:548,0
DA:557,0
DA:558,0
DA:560,0
DA:562,0
DA:571,0
BRDA:571,23,0,-
DA:572,0
DA:576,0
FN:576,ERC3525._transferTokenId
FNDA:0,ERC3525._transferTokenId
DA:581,0
BRDA:581,24,0,-
DA:582,0
DA:584,0
BRDA:584,25,0,-
DA:585,0
DA:588,0
DA:589,0
DA:591,0
DA:593,0
DA:594,0
DA:596,0
DA:597,0
DA:599,0
DA:601,0
DA:604,0
FN:604,ERC3525._safeTransferTokenId
FNDA:0,ERC3525._safeTransferTokenId
DA:610,0
DA:611,0
BRDA:611,26,0,-
DA:612,0
DA:616,0
FN:616,ERC3525._checkOnERC3525Received
FNDA:0,ERC3525._checkOnERC3525Received
DA:622,0
DA:623,0
BRDA:623,27,0,-
BRDA:623,27,1,-
DA:624,0
BRDA:624,28,0,-
DA:625,0
DA:629,0
BRDA:629,29,0,-
BRDA:629,29,1,-
DA:630,0
DA:637,0
DA:638,0
DA:641,0
DA:643,0
BRDA:643,28,1,-
DA:644,0
DA:647,0
DA:661,0
FN:661,ERC3525._checkOnERC721Received
FNDA:0,ERC3525._checkOnERC721Received
DA:667,0
BRDA:667,30,0,-
BRDA:667,30,1,-
DA:668,0
BRDA:668,31,0,-
DA:669,0
DA:676,0
DA:677,0
BRDA:677,31,1,-
DA:678,0
BRDA:678,32,0,-
BRDA:678,32,1,-
DA:679,0
DA:682,0
DA:687,0
DA:692,0
FN:692,ERC3525._beforeValueTransfer
FNDA:0,ERC3525._beforeValueTransfer
DA:701,0
FN:701,ERC3525._afterValueTransfer
FNDA:0,ERC3525._afterValueTransfer
DA:711,0
FN:711,ERC3525._createOriginalTokenId
FNDA:0,ERC3525._createOriginalTokenId
DA:712,0
DA:715,0
FN:715,ERC3525._createDerivedTokenId
FNDA:0,ERC3525._createDerivedTokenId
DA:719,0
DA:722,0
FN:722,ERC3525._isContract
FNDA:0,ERC3525._isContract
DA:723,0
DA:725,0
DA:727,0
FNF:56
FNH:0
LF:269
LH:0
BRF:39
BRH:0
end_of_record
TN:
SF:src/tokens/ERC3643.sol
DA:44,0
FN:44,ERC3643.constructor
FNDA:0,ERC3643.constructor
DA:53,0
BRDA:53,0,0,-
DA:54,0
DA:55,0
BRDA:55,1,0,-
DA:56,0
DA:57,0
BRDA:57,2,0,-
DA:58,0
BRDA:58,3,0,-
DA:59,0
DA:62,0
DA:63,0
DA:64,0
DA:65,0
DA:67,0
DA:68,0
DA:69,0
DA:75,0
FN:75,ERC3643._setIdentityRegistry
FNDA:0,ERC3643._setIdentityRegistry
DA:78,0
BRDA:78,4,0,-
DA:79,0
DA:80,0
DA:83,0
FN:83,ERC3643._setNameAndSymbol
FNDA:0,ERC3643._setNameAndSymbol
DA:84,0
BRDA:84,5,0,-
DA:85,0
BRDA:85,6,0,-
DA:86,0
DA:87,0
DA:93,0
FN:93,ERC3643._setOnchainID
FNDA:0,ERC3643._setOnchainID
DA:94,0
BRDA:94,7,0,-
DA:95,0
DA:96,0
DA:102,0
FN:102,ERC3643._setCompliance
FNDA:0,ERC3643._setCompliance
DA:103,0
BRDA:103,8,0,-
DA:104,0
DA:106,0
DA:107,0
BRDA:107,9,0,-
DA:108,0
DA:109,0
DA:113,0
FN:113,ERC3643._recoveryAddress
FNDA:0,ERC3643._recoveryAddress
DA:119,0
BRDA:119,10,0,-
DA:120,0
BRDA:120,11,0,-
DA:123,0
BRDA:123,12,0,-
DA:125,0
DA:126,0
DA:128,0
BRDA:128,13,0,-
DA:132,0
DA:139,0
DA:142,0
BRDA:142,14,0,-
DA:144,0
BRDA:144,14,1,-
DA:145,0
DA:147,0
DA:148,0
DA:151,0
DA:154,0
BRDA:154,15,0,-
DA:155,0
DA:156,0
DA:160,0
DA:162,0
DA:163,0
DA:182,0
FN:182,ERC3643._pause
FNDA:0,ERC3643._pause
DA:183,0
DA:184,0
DA:185,0
DA:191,0
FN:191,ERC3643._unpause
FNDA:0,ERC3643._unpause
DA:192,0
DA:193,0
DA:194,0
DA:201,0
FN:201,ERC3643._setAddressFrozen
FNDA:0,ERC3643._setAddressFrozen
DA:202,0
DA:204,0
DA:210,0
FN:210,ERC3643._freezePartialToken
FNDA:0,ERC3643._freezePartialToken
DA:211,0
DA:212,0
DA:214,0
BRDA:214,16,0,-
DA:215,0
DA:218,0
DA:219,0
DA:225,0
FN:225,ERC3643._unfreezePartialToken
FNDA:0,ERC3643._unfreezePartialToken
DA:226,0
DA:228,0
BRDA:228,17,0,-
DA:229,0
DA:232,0
DA:233,0
DA:240,0
FN:240,ERC3643._whenNotPaused
FNDA:0,ERC3643._whenNotPaused
DA:241,0
BRDA:241,18,0,-
DA:242,0
DA:250,0
FN:250,ERC3643._whenPaused
FNDA:0,ERC3643._whenPaused
DA:251,0
BRDA:251,19,0,-
DA:252,0
DA:256,0
FN:256,ERC3643._beforeValueTransfer
FNDA:0,ERC3643._beforeValueTransfer
DA:264,0
BRDA:264,20,0,-
DA:265,0
BRDA:265,21,0,-
DA:266,0
BRDA:266,22,0,-
DA:267,0
DA:270,0
BRDA:270,23,0,-
DA:271,0
DA:276,0
BRDA:276,24,0,-
DA:277,0
DA:280,0
BRDA:280,25,0,-
DA:281,0
BRDA:281,26,0,-
DA:282,0
DA:285,0
BRDA:285,27,0,-
DA:286,0
FNF:14
FNH:0
LF:100
LH:0
BRF:29
BRH:0
end_of_record
TN:
SF:src/tokens/RiskManager.sol
DA:123,0
FN:123,RiskManager.constructor
FNDA:0,RiskManager.constructor
DA:124,0
DA:125,0
DA:126,0
DA:127,0
DA:128,0
DA:129,0
DA:142,0
FN:142,RiskManager._setSlotRiskParams
FNDA:0,RiskManager._setSlotRiskParams
DA:143,0
BRDA:143,0,0,-
DA:144,0
BRDA:144,1,0,-
DA:145,0
DA:146,0
BRDA:146,2,0,-
DA:147,0
DA:148,0
DA:164,0
FN:164,RiskManager._checkSlotRiskParamsSet
FNDA:0,RiskManager._checkSlotRiskParamsSet
DA:165,0
DA:166,0
BRDA:166,3,0,-
DA:167,0
DA:181,0
FN:181,RiskManager._triggerYieldsUpkeep
FNDA:0,RiskManager._triggerYieldsUpkeep
DA:182,0
DA:183,0
BRDA:183,4,0,-
DA:184,0
DA:187,0
DA:188,0
BRDA:188,5,0,-
DA:189,0
DA:190,0
DA:199,0
FN:199,RiskManager._triggerReservesUpkeep
FNDA:0,RiskManager._triggerReservesUpkeep
DA:200,0
DA:201,0
BRDA:201,6,0,-
DA:202,0
DA:205,0
DA:206,0
BRDA:206,7,0,-
DA:207,0
DA:208,0
DA:212,0
FN:212,RiskManager._checkManualTriggerNeeded
FNDA:0,RiskManager._checkManualTriggerNeeded
DA:213,0
BRDA:213,8,0,-
BRDA:213,8,1,-
DA:214,0
DA:216,0
DA:223,0
FN:223,RiskManager._setYieldsSlotFrozen
FNDA:0,RiskManager._setYieldsSlotFrozen
DA:224,0
DA:225,0
DA:226,0
DA:227,0
DA:230,0
FN:230,RiskManager._setReservesSlotFrozen
FNDA:0,RiskManager._setReservesSlotFrozen
DA:231,0
DA:232,0
DA:233,0
DA:234,0
DA:237,0
FN:237,RiskManager._setSlotFrozen
FNDA:0,RiskManager._setSlotFrozen
DA:238,0
BRDA:238,9,0,-
DA:239,0
DA:240,0
BRDA:240,10,0,-
BRDA:240,10,1,-
DA:241,0
DA:249,0
FN:249,RiskManager._setSlotFrozenOnMainContract
FNDA:0,RiskManager._setSlotFrozenOnMainContract
DA:250,0
DA:251,0
BRDA:251,11,0,-
DA:252,0
DA:253,0
DA:254,0
DA:257,0
FN:257,RiskManager._updateYieldsValues
FNDA:0,RiskManager._updateYieldsValues
DA:258,0
DA:259,0
DA:260,0
DA:261,0
DA:262,0
DA:265,0
FN:265,RiskManager._updateReservesValues
FNDA:0,RiskManager._updateReservesValues
DA:266,0
DA:267,0
DA:268,0
DA:269,0
DA:270,0
DA:277,0
FN:277,RiskManager._updateLastValidYields
FNDA:0,RiskManager._updateLastValidYields
DA:279,0
DA:280,0
BRDA:280,12,0,-
DA:281,0
DA:285,0
DA:286,0
DA:287,0
DA:288,0
DA:289,0
DA:292,0
BRDA:292,13,0,-
DA:293,0
DA:294,0
DA:299,0
DA:300,0
DA:309,0
FN:309,RiskManager._updateLastValidReserves
FNDA:0,RiskManager._updateLastValidReserves
DA:311,0
DA:312,0
BRDA:312,14,0,-
DA:313,0
DA:317,0
DA:318,0
DA:319,0
DA:320,0
DA:321,0
DA:324,0
BRDA:324,15,0,-
DA:325,0
BRDA:325,16,0,-
DA:326,0
BRDA:326,17,0,-
DA:327,0
BRDA:327,18,0,-
DA:330,0
BRDA:330,19,0,-
DA:331,0
DA:332,0
DA:333,0
DA:334,0
DA:335,0
DA:336,0
DA:337,0
DA:338,0
DA:339,0
DA:340,0
DA:341,0
DA:342,0
DA:343,0
DA:348,0
BRDA:348,20,0,-
DA:349,0
DA:350,0
DA:352,0
BRDA:352,21,0,-
DA:353,0
DA:354,0
DA:356,0
BRDA:356,22,0,-
DA:357,0
DA:358,0
DA:360,0
BRDA:360,23,0,-
DA:361,0
DA:362,0
DA:367,0
BRDA:367,24,0,-
DA:368,0
DA:369,0
DA:378,0
FN:378,RiskManager._validateAndUpdateLastValidReserve
FNDA:0,RiskManager._validateAndUpdateLastValidReserve
DA:379,0
BRDA:379,25,0,-
DA:380,0
DA:381,0
DA:382,0
DA:384,0
DA:385,0
DA:386,0
BRDA:386,26,0,-
DA:387,0
DA:389,0
DA:390,0
BRDA:390,27,0,-
DA:391,0
DA:392,0
DA:393,0
DA:396,0
DA:397,0
DA:400,0
FN:400,RiskManager._validateAndUpdateLastValidCashBuffer
FNDA:0,RiskManager._validateAndUpdateLastValidCashBuffer
DA:401,0
BRDA:401,28,0,-
DA:402,0
DA:403,0
DA:404,0
DA:406,0
DA:407,0
DA:408,0
BRDA:408,29,0,-
DA:409,0
DA:411,0
DA:412,0
BRDA:412,30,0,-
DA:413,0
DA:414,0
DA:415,0
DA:418,0
DA:419,0
DA:422,0
FN:422,RiskManager._validateMintReserves
FNDA:0,RiskManager._validateMintReserves
DA:423,0
DA:424,0
DA:428,0
DA:429,0
DA:431,0
DA:433,0
BRDA:433,31,0,-
DA:434,0
DA:463,0
FN:463,RiskManager._calculateDynamicBuffer
FNDA:0,RiskManager._calculateDynamicBuffer
DA:465,0
BRDA:465,32,0,-
DA:467,0
DA:468,0
DA:471,0
BRDA:471,33,0,-
DA:475,0
DA:477,0
BRDA:477,34,0,-
DA:480,0
BRDA:480,35,0,-
DA:481,0
DA:486,0
DA:487,0
BRDA:487,36,0,-
DA:489,0
DA:492,0
FN:492,RiskManager._getTotalLiabilitiesForSlot
FNDA:0,RiskManager._getTotalLiabilitiesForSlot
DA:493,0
DA:496,0
FN:496,RiskManager._getMarketDataForSlot
FNDA:0,RiskManager._getMarketDataForSlot
DA:497,0
DA:498,0
DA:505,0
FN:505,RiskManager._validateAndUpdateLastValidYield
FNDA:0,RiskManager._validateAndUpdateLastValidYield
DA:506,0
BRDA:506,37,0,-
DA:507,0
DA:508,0
DA:509,0
DA:511,0
DA:512,0
BRDA:512,38,0,-
DA:513,0
DA:515,0
BRDA:515,39,0,-
DA:516,0
DA:517,0
DA:518,0
DA:521,0
DA:522,0
DA:528,0
FN:528,RiskManager._validateInstantLiquidity
FNDA:0,RiskManager._validateInstantLiquidity
DA:529,0
DA:530,0
BRDA:530,40,0,-
DA:531,0
DA:539,0
FN:539,RiskManager._validateRedemptionWindow
FNDA:0,RiskManager._validateRedemptionWindow
DA:540,0
BRDA:540,41,0,-
DA:541,0
DA:542,0
DA:543,0
DA:544,0
BRDA:544,42,0,-
DA:545,0
DA:556,0
FN:556,RiskManager._getNextRedemptionWindow
FNDA:0,RiskManager._getNextRedemptionWindow
DA:557,0
DA:558,0
BRDA:558,43,0,-
DA:559,0
DA:562,0
DA:563,0
DA:565,0
BRDA:565,44,0,-
BRDA:565,44,1,-
DA:566,0
DA:568,0
DA:572,0
FN:572,RiskManager._validateRedeemRateLimit
FNDA:0,RiskManager._validateRedeemRateLimit
DA:573,0
BRDA:573,45,0,-
DA:576,0
BRDA:576,46,0,-
DA:577,0
DA:578,0
DA:581,0
DA:582,0
BRDA:582,47,0,-
DA:583,0
DA:586,0
DA:595,0
FN:595,RiskManager._checkSlotSafe
FNDA:0,RiskManager._checkSlotSafe
DA:596,0
BRDA:596,48,0,-
DA:597,0
BRDA:597,49,0,-
DA:604,0
FN:604,RiskManager._riskManagerBeforeMint
FNDA:0,RiskManager._riskManagerBeforeMint
DA:606,0
DA:608,0
DA:609,0
DA:612,0
DA:615,0
DA:618,0
FN:618,RiskManager._riskManagerBeforeBurn
FNDA:0,RiskManager._riskManagerBeforeBurn
DA:620,0
DA:623,0
DA:627,0
FN:627,RiskManager._riskManagerBeforeTransferLiquidity
FNDA:0,RiskManager._riskManagerBeforeTransferLiquidity
DA:629,0
DA:632,0
DA:635,0
DA:636,0
DA:639,0
FN:639,RiskManager._isSolvent
FNDA:0,RiskManager._isSolvent
DA:641,0
BRDA:641,50,0,-
DA:642,0
BRDA:642,51,0,-
DA:643,0
BRDA:643,52,0,-
DA:644,0
BRDA:644,53,0,-
DA:647,0
DA:650,0
DA:651,0
DA:652,0
DA:656,0
DA:664,0
FN:664,RiskManager._assertSolvency
FNDA:0,RiskManager._assertSolvency
DA:665,0
BRDA:665,54,0,-
DA:666,0
FNF:31
FNH:0
LF:257
LH:0
BRF:58
BRH:0
end_of_record
TN:
SF:src/tokens/Treasury.sol
DA:39,0
FN:39,Treasury.onlyValidSlot
FNDA:0,Treasury.onlyValidSlot
DA:40,0
DA:44,0
FN:44,Treasury.constructor
FNDA:0,Treasury.constructor
DA:45,0
DA:46,0
DA:47,0
DA:48,0
DA:52,0
FN:52,Treasury.setTokenContract
FNDA:0,Treasury.setTokenContract
DA:53,0
BRDA:53,0,0,-
DA:54,0
DA:58,0
FN:58,Treasury.depositUsdcFromOpenNewPosition
FNDA:0,Treasury.depositUsdcFromOpenNewPosition
DA:62,0
DA:63,0
DA:64,0
DA:66,0
DA:69,0
DA:73,0
FN:73,Treasury.withdrawUsdcFromClosePosition
FNDA:0,Treasury.withdrawUsdcFromClosePosition
DA:76,0
DA:79,0
BRDA:79,1,0,-
DA:80,0
DA:84,0
DA:85,0
DA:88,0
DA:91,0
DA:95,0
FN:95,Treasury.transferUsdcFromYieldClaim
FNDA:0,Treasury.transferUsdcFromYieldClaim
DA:97,0
BRDA:97,2,0,-
DA:98,0
DA:101,0
DA:104,0
DA:105,0
DA:107,0
DA:110,0
DA:114,0
FN:114,Treasury.useFeesCollectedToInjectLiquidity
FNDA:0,Treasury.useFeesCollectedToInjectLiquidity
DA:115,0
BRDA:115,3,0,-
DA:116,0
DA:119,0
BRDA:119,4,0,-
DA:120,0
DA:125,0
DA:126,0
DA:130,0
DA:134,0
FN:134,Treasury.collectFees
FNDA:0,Treasury.collectFees
DA:135,0
BRDA:135,5,0,-
DA:136,0
DA:139,0
DA:142,0
DA:146,0
FN:146,Treasury.injectLiquidity
FNDA:0,Treasury.injectLiquidity
DA:148,0
DA:151,0
DA:154,0
DA:158,0
FN:158,Treasury.injectLiquidityOnMultipleSlots
FNDA:0,Treasury.injectLiquidityOnMultipleSlots
DA:159,0
DA:160,0
DA:161,0
BRDA:161,6,0,-
DA:162,0
DA:166,0
DA:167,0
DA:171,0
DA:172,0
DA:173,0
DA:174,0
DA:175,0
DA:177,0
DA:189,0
FN:189,Treasury._updateFeeAccounting
FNDA:0,Treasury._updateFeeAccounting
DA:190,0
DA:191,0
DA:193,0
DA:202,0
FN:202,Treasury._onlyValidSlot
FNDA:0,Treasury._onlyValidSlot
DA:204,0
DA:205,0
DA:206,0
DA:207,0
DA:208,0
BRDA:208,7,0,-
DA:209,0
DA:214,0
FN:214,Treasury.getTotalFeesCollected
FNDA:0,Treasury.getTotalFeesCollected
DA:215,0
DA:219,0
FN:219,Treasury.getTotalFeesToBeCollected
FNDA:0,Treasury.getTotalFeesToBeCollected
DA:220,0
DA:224,0
FN:224,Treasury.getTotalUsdcLiquidityPerSlot
FNDA:0,Treasury.getTotalUsdcLiquidityPerSlot
DA:225,0
DA:229,0
FN:229,Treasury.getUsdcAddress
FNDA:0,Treasury.getUsdcAddress
DA:230,0
FNF:16
FNH:0
LF:81
LH:0
BRF:8
BRH:0
end_of_record
TN:
SF:src/tokens/TreasuryBondToken.sol
DA:45,0
FN:45,TreasuryBondToken.onlyValidSlot
FNDA:0,TreasuryBondToken.onlyValidSlot
DA:46,0
DA:50,0
FN:50,TreasuryBondToken.onlySlotWithRiskParamsSet
FNDA:0,TreasuryBondToken.onlySlotWithRiskParamsSet
DA:51,0
DA:52,0
DA:56,0
FN:56,TreasuryBondToken.etherNotAccepted
FNDA:0,TreasuryBondToken.etherNotAccepted
DA:57,0
DA:68,0
FN:68,TreasuryBondToken.constructor
FNDA:0,TreasuryBondToken.constructor
DA:77,0
DA:78,0
DA:79,0
DA:80,0
DA:81,0
DA:82,0
DA:83,0
DA:84,0
DA:85,0
DA:86,0
BRDA:86,0,0,-
DA:89,0
BRDA:89,1,0,-
DA:90,0
DA:95,0
BRDA:95,2,0,-
DA:96,0
DA:103,0
BRDA:103,3,0,-
DA:104,0
DA:109,0
BRDA:109,4,0,-
DA:110,0
DA:117,0
DA:118,0
DA:119,0
DA:120,0
DA:122,0
DA:125,0
FN:125,TreasuryBondToken.setUpdateRiskManagerAutomation
FNDA:0,TreasuryBondToken.setUpdateRiskManagerAutomation
DA:126,0
BRDA:126,5,0,-
DA:127,0
DA:130,0
FN:130,TreasuryBondToken.supportsInterface
FNDA:0,TreasuryBondToken.supportsInterface
DA:133,0
DA:141,0
FN:141,TreasuryBondToken.setSlotRiskParams
FNDA:0,TreasuryBondToken.setSlotRiskParams
DA:142,0
DA:146,0
FN:146,TreasuryBondToken.triggerReservesUpkeep
FNDA:0,TreasuryBondToken.triggerReservesUpkeep
DA:147,0
DA:151,0
FN:151,TreasuryBondToken.triggerYieldsUpkeep
FNDA:0,TreasuryBondToken.triggerYieldsUpkeep
DA:152,0
DA:156,0
FN:156,TreasuryBondToken.updateYieldsValues
FNDA:0,TreasuryBondToken.updateYieldsValues
DA:157,0
DA:161,0
FN:161,TreasuryBondToken.updateReserveValues
FNDA:0,TreasuryBondToken.updateReserveValues
DA:162,0
DA:170,0
FN:170,TreasuryBondToken.openNewPosition
FNDA:0,TreasuryBondToken.openNewPosition
DA:175,0
BRDA:175,6,0,-
DA:176,0
DA:179,0
DA:182,0
DA:184,0
DA:187,0
DA:190,0
DA:194,0
FN:194,TreasuryBondToken.closePosition
FNDA:0,TreasuryBondToken.closePosition
DA:195,0
DA:196,0
DA:197,0
DA:198,0
DA:199,0
DA:200,0
DA:201,0
DA:202,0
DA:204,0
DA:208,0
FN:208,TreasuryBondToken.closePartialPosition
FNDA:0,TreasuryBondToken.closePartialPosition
DA:212,0
DA:213,0
DA:214,0
DA:215,0
DA:216,0
DA:217,0
DA:218,0
DA:219,0
DA:221,0
DA:223,0
DA:227,0
FN:227,TreasuryBondToken.forceTransfer
FNDA:0,TreasuryBondToken.forceTransfer
DA:232,0
BRDA:232,7,0,-
DA:234,0
DA:235,0
DA:239,0
DA:240,0
BRDA:240,8,0,-
DA:241,0
DA:242,0
DA:246,0
DA:247,0
BRDA:247,9,0,-
DA:252,0
DA:253,0
BRDA:253,10,0,-
DA:254,0
DA:255,0
BRDA:255,10,1,-
DA:256,0
DA:257,0
DA:260,0
DA:261,0
DA:269,0
FN:269,TreasuryBondToken._executeForcedTransferExternal
FNDA:0,TreasuryBondToken._executeForcedTransferExternal
DA:274,0
DA:278,0
FN:278,TreasuryBondToken.transferFrom.0
FNDA:0,TreasuryBondToken.transferFrom.0
DA:283,0
DA:284,0
BRDA:284,11,0,-
DA:285,0
DA:290,0
FN:290,TreasuryBondToken.transferFrom.1
FNDA:0,TreasuryBondToken.transferFrom.1
DA:291,0
DA:295,0
FN:295,TreasuryBondToken.transferFrom.2
FNDA:0,TreasuryBondToken.transferFrom.2
DA:300,0
DA:301,0
BRDA:301,12,0,-
DA:302,0
DA:307,0
FN:307,TreasuryBondToken.safeTransferFrom.0
FNDA:0,TreasuryBondToken.safeTransferFrom.0
DA:313,0
DA:317,0
FN:317,TreasuryBondToken.safeTransferFrom.1
FNDA:0,TreasuryBondToken.safeTransferFrom.1
DA:322,0
DA:326,0
FN:326,TreasuryBondToken.claimYield
FNDA:0,TreasuryBondToken.claimYield
DA:328,0
DA:331,0
BRDA:331,13,0,-
DA:332,0
DA:336,0
DA:339,0
DA:342,0
DA:346,0
DA:349,0
DA:367,0
FN:367,TreasuryBondToken._calculateCurrentNAV
FNDA:0,TreasuryBondToken._calculateCurrentNAV
DA:368,0
DA:369,0
DA:384,0
FN:384,TreasuryBondToken._closePositionValue
FNDA:0,TreasuryBondToken._closePositionValue
DA:390,0
DA:393,0
DA:396,0
DA:399,0
DA:400,0
DA:403,0
DA:406,0
DA:409,0
DA:410,0
DA:420,0
FN:420,TreasuryBondToken._claimYield
FNDA:0,TreasuryBondToken._claimYield
DA:422,0
DA:424,0
DA:425,0
DA:426,0
DA:429,0
DA:430,0
DA:436,0
DA:437,0
DA:438,0
DA:440,0
DA:441,0
DA:442,0
DA:446,0
DA:467,0
FN:467,TreasuryBondToken._beforeValueTransfer
FNDA:0,TreasuryBondToken._beforeValueTransfer
DA:476,0
DA:479,0
BRDA:479,14,0,-
BRDA:479,14,1,-
DA:480,0
DA:481,0
BRDA:481,15,0,-
BRDA:481,15,1,-
DA:482,0
DA:484,0
DA:496,0
FN:496,TreasuryBondToken._beforeMint
FNDA:0,TreasuryBondToken._beforeMint
DA:504,0
DA:509,0
DA:510,0
DA:527,0
FN:527,TreasuryBondToken._beforeBurn
FNDA:0,TreasuryBondToken._beforeBurn
DA:534,0
DA:538,0
BRDA:538,16,0,-
DA:554,0
FN:554,TreasuryBondToken._beforeTransfer
FNDA:0,TreasuryBondToken._beforeTransfer
DA:563,0
DA:564,0
DA:565,0
DA:571,0
BRDA:571,17,0,-
DA:572,0
DA:573,0
DA:593,0
FN:593,TreasuryBondToken._afterValueTransfer
FNDA:0,TreasuryBondToken._afterValueTransfer
DA:609,0
FN:609,TreasuryBondToken._calculateEntryFees
FNDA:0,TreasuryBondToken._calculateEntryFees
DA:612,0
DA:613,0
DA:626,0
FN:626,TreasuryBondToken._calculateEarlyRedeemFee
FNDA:0,TreasuryBondToken._calculateEarlyRedeemFee
DA:631,0
DA:632,0
DA:635,0
BRDA:635,18,0,-
DA:636,0
DA:639,0
DA:640,0
DA:642,0
DA:652,0
FN:652,TreasuryBondToken._getPenaltyPeriod
FNDA:0,TreasuryBondToken._getPenaltyPeriod
DA:653,0
BRDA:653,19,0,-
DA:654,0
DA:657,0
BRDA:657,20,0,-
DA:658,0
DA:661,0
BRDA:661,21,0,-
DA:662,0
DA:665,0
BRDA:665,22,0,-
DA:666,0
DA:669,0
DA:678,0
FN:678,TreasuryBondToken._onlyValidSlot
FNDA:0,TreasuryBondToken._onlyValidSlot
DA:680,0
DA:681,0
DA:682,0
DA:683,0
DA:684,0
BRDA:684,23,0,-
DA:685,0
DA:696,0
FN:696,TreasuryBondToken._notAcceptEther
FNDA:0,TreasuryBondToken._notAcceptEther
DA:697,0
BRDA:697,24,0,-
DA:698,0
DA:708,0
FN:708,TreasuryBondToken.ownerOf
FNDA:0,TreasuryBondToken.ownerOf
DA:709,0
DA:713,0
FN:713,TreasuryBondToken.balanceOf.0
FNDA:0,TreasuryBondToken.balanceOf.0
DA:714,0
DA:717,0
FN:717,TreasuryBondToken.balanceOf.1
FNDA:0,TreasuryBondToken.balanceOf.1
DA:718,0
DA:727,0
FN:727,TreasuryBondToken.getTotalLiabilitiesPerSlot
FNDA:0,TreasuryBondToken.getTotalLiabilitiesPerSlot
DA:730,0
DA:737,0
FN:737,TreasuryBondToken.assertSolvency
FNDA:0,TreasuryBondToken.assertSolvency
DA:738,0
DA:742,0
FN:742,TreasuryBondToken.getNextRedemptionWindow
FNDA:0,TreasuryBondToken.getNextRedemptionWindow
DA:743,0
DA:752,0
FN:752,TreasuryBondToken.getPositionData
FNDA:0,TreasuryBondToken.getPositionData
DA:755,0
DA:756,0
DA:760,0
FN:760,TreasuryBondToken.getClaimableYieldInUsdc
FNDA:0,TreasuryBondToken.getClaimableYieldInUsdc
DA:761,0
DA:764,0
DA:767,0
DA:768,0
DA:771,0
DA:774,0
DA:777,0
DA:780,0
DA:783,0
DA:786,0
DA:790,0
FN:790,TreasuryBondToken.getMinimumDepositAmount
FNDA:0,TreasuryBondToken.getMinimumDepositAmount
DA:791,0
DA:795,0
FN:795,TreasuryBondToken.getBondAutomation
FNDA:0,TreasuryBondToken.getBondAutomation
DA:796,0
DA:800,0
FN:800,TreasuryBondToken.getReservesAutomation
FNDA:0,TreasuryBondToken.getReservesAutomation
DA:801,0
DA:805,0
FN:805,TreasuryBondToken.getBondOracle
FNDA:0,TreasuryBondToken.getBondOracle
DA:806,0
DA:810,0
FN:810,TreasuryBondToken.getReservesOracle
FNDA:0,TreasuryBondToken.getReservesOracle
DA:811,0
DA:815,0
FN:815,TreasuryBondToken.getTreasury
FNDA:0,TreasuryBondToken.getTreasury
DA:816,0
DA:820,0
FN:820,TreasuryBondToken.getInterval
FNDA:0,TreasuryBondToken.getInterval
DA:821,0
DA:825,0
FN:825,TreasuryBondToken.getGracePeriod
FNDA:0,TreasuryBondToken.getGracePeriod
DA:826,0
DA:830,0
FN:830,TreasuryBondToken.getUsdc
FNDA:0,TreasuryBondToken.getUsdc
DA:831,0
DA:835,0
FN:835,TreasuryBondToken.getUsdcPriceFeed
FNDA:0,TreasuryBondToken.getUsdcPriceFeed
DA:836,0
DA:840,0
FN:840,TreasuryBondToken.getUsdcDecimals
FNDA:0,TreasuryBondToken.getUsdcDecimals
DA:841,0
DA:845,0
FN:845,TreasuryBondToken.getUsdcPriceFeedDecimals
FNDA:0,TreasuryBondToken.getUsdcPriceFeedDecimals
DA:846,0
DA:857,0
FN:857,TreasuryBondToken._getDmodForSlot
FNDA:0,TreasuryBondToken._getDmodForSlot
DA:858,0
BRDA:858,25,0,-
DA:859,0
BRDA:859,26,0,-
DA:860,0
BRDA:860,27,0,-
DA:861,0
BRDA:861,28,0,-
DA:862,0
DA:866,0
FN:866,TreasuryBondToken.name
FNDA:0,TreasuryBondToken.name
DA:867,0
DA:871,0
FN:871,TreasuryBondToken.symbol
FNDA:0,TreasuryBondToken.symbol
DA:872,0
DA:876,0
FN:876,TreasuryBondToken.valueDecimals
FNDA:0,TreasuryBondToken.valueDecimals
DA:877,0
DA:885,0
FN:885,TreasuryBondToken.setNameAndSymbol
FNDA:0,TreasuryBondToken.setNameAndSymbol
DA:886,0
DA:887,0
DA:888,0
DA:892,0
FN:892,TreasuryBondToken.setIdentityRegistry
FNDA:0,TreasuryBondToken.setIdentityRegistry
DA:893,0
DA:897,0
FN:897,TreasuryBondToken.setOnchainID
FNDA:0,TreasuryBondToken.setOnchainID
DA:898,0
DA:902,0
FN:902,TreasuryBondToken.setCompliance
FNDA:0,TreasuryBondToken.setCompliance
DA:903,0
DA:911,0
FN:911,TreasuryBondToken._executeRecoveryTransferExternal
FNDA:0,TreasuryBondToken._executeRecoveryTransferExternal
DA:912,0
DA:915,0
FN:915,TreasuryBondToken._executeRecoveryTransfer
FNDA:0,TreasuryBondToken._executeRecoveryTransfer
DA:920,0
DA:923,0
DA:924,0
DA:925,0
DA:928,0
DA:929,0
DA:935,0
DA:940,0
FN:940,TreasuryBondToken.recoveryAddress
FNDA:0,TreasuryBondToken.recoveryAddress
DA:942,0
DA:946,0
FN:946,TreasuryBondToken.pause
FNDA:0,TreasuryBondToken.pause
DA:947,0
DA:951,0
FN:951,TreasuryBondToken.unpause
FNDA:0,TreasuryBondToken.unpause
DA:952,0
DA:956,0
FN:956,TreasuryBondToken.setAddressFrozen
FNDA:0,TreasuryBondToken.setAddressFrozen
DA:957,0
DA:961,0
FN:961,TreasuryBondToken.freezePartialTokens
FNDA:0,TreasuryBondToken.freezePartialTokens
DA:962,0
DA:966,0
FN:966,TreasuryBondToken.unfreezePartialTokens
FNDA:0,TreasuryBondToken.unfreezePartialTokens
DA:967,0
DA:971,0
FN:971,TreasuryBondToken.batchSetAddressFrozen
FNDA:0,TreasuryBondToken.batchSetAddressFrozen
DA:972,0
DA:973,0
DA:978,0
FN:978,TreasuryBondToken.batchFreezePartialTokens
FNDA:0,TreasuryBondToken.batchFreezePartialTokens
DA:979,0
DA:980,0
DA:985,0
FN:985,TreasuryBondToken.batchUnfreezePartialTokens
FNDA:0,TreasuryBondToken.batchUnfreezePartialTokens
DA:986,0
DA:987,0
DA:995,0
FN:995,TreasuryBondToken.compliance
FNDA:0,TreasuryBondToken.compliance
DA:996,0
DA:1000,0
FN:1000,TreasuryBondToken.identityRegistry
FNDA:0,TreasuryBondToken.identityRegistry
DA:1001,0
DA:1005,0
FN:1005,TreasuryBondToken.paused
FNDA:0,TreasuryBondToken.paused
DA:1006,0
DA:1010,0
FN:1010,TreasuryBondToken.onchainID
FNDA:0,TreasuryBondToken.onchainID
DA:1011,0
DA:1015,0
FN:1015,TreasuryBondToken.version
FNDA:0,TreasuryBondToken.version
DA:1016,0
DA:1020,0
FN:1020,TreasuryBondToken.getWalletFrozenStatus
FNDA:0,TreasuryBondToken.getWalletFrozenStatus
DA:1021,0
DA:1025,0
FN:1025,TreasuryBondToken.getFrozenValue
FNDA:0,TreasuryBondToken.getFrozenValue
DA:1026,0
DA:1030,0
FN:1030,TreasuryBondToken.getAvailableValue
FNDA:0,TreasuryBondToken.getAvailableValue
DA:1031,0
FNF:82
FNH:0
LF:317
LH:0
BRF:32
BRH:0
end_of_record
TN:
SF:src/tokens/UsdcUsdConverter.sol
DA:20,0
FN:20,UsdcUsdConverter.constructor
FNDA:0,UsdcUsdConverter.constructor
DA:21,0
DA:22,0
DA:23,0
DA:24,0
DA:25,0
DA:38,0
FN:38,UsdcUsdConverter._convertUsdcToUsd18
FNDA:0,UsdcUsdConverter._convertUsdcToUsd18
DA:39,0
DA:41,0
DA:47,0
DA:64,0
FN:64,UsdcUsdConverter._convertUsd18ToUsdc
FNDA:0,UsdcUsdConverter._convertUsd18ToUsdc
DA:65,0
DA:67,0
DA:68,0
DA:69,0
DA:71,0
DA:77,0
DA:92,0
FN:92,UsdcUsdConverter._convertUsd18ToUsd8
FNDA:0,UsdcUsdConverter._convertUsd18ToUsd8
DA:93,0
DA:94,0
DA:96,0
DA:106,0
FN:106,UsdcUsdConverter._convertUsd8ToUsd18
FNDA:0,UsdcUsdConverter._convertUsd8ToUsd18
DA:107,0
DA:108,0
DA:110,0
DA:121,0
FN:121,UsdcUsdConverter._convertUsdcToUsd8
FNDA:0,UsdcUsdConverter._convertUsdcToUsd8
DA:122,0
DA:124,0
DA:135,0
FN:135,UsdcUsdConverter._convertUsd8ToUsdc
FNDA:0,UsdcUsdConverter._convertUsd8ToUsdc
DA:136,0
DA:137,0
DA:139,0
DA:149,0
FN:149,UsdcUsdConverter._convertMultipleUsd18ToUsdcArray
FNDA:0,UsdcUsdConverter._convertMultipleUsd18ToUsdcArray
DA:152,0
DA:153,0
DA:154,0
DA:157,0
DA:158,0
DA:159,0
DA:175,0
FN:175,UsdcUsdConverter._convertMultipleUsdcToUsd18
FNDA:0,UsdcUsdConverter._convertMultipleUsdcToUsd18
DA:179,0
DA:181,0
DA:184,0
DA:185,0
DA:189,0
DA:191,0
DA:192,0
DA:196,0
DA:206,0
FN:206,UsdcUsdConverter._convertMultipleUsdcToUsd18Array
FNDA:0,UsdcUsdConverter._convertMultipleUsdcToUsd18Array
DA:209,0
DA:210,0
DA:211,0
DA:214,0
DA:215,0
DA:216,0
DA:226,0
FN:226,UsdcUsdConverter._getLatestUsdcPrice
FNDA:0,UsdcUsdConverter._getLatestUsdcPrice
DA:227,0
DA:233,0
DA:235,0
BRDA:235,0,0,-
DA:236,0
BRDA:236,1,0,-
DA:237,0
BRDA:237,2,0,-
DA:239,0
DA:242,0
FN:242,UsdcUsdConverter._getUsdc
FNDA:0,UsdcUsdConverter._getUsdc
DA:243,0
DA:246,0
FN:246,UsdcUsdConverter._getUsdUsdcPriceFeed
FNDA:0,UsdcUsdConverter._getUsdUsdcPriceFeed
DA:247,0
FNF:13
FNH:0
LF:66
LH:0
BRF:3
BRH:0
end_of_record
